生成启动时间为 2017/9/13 17:42:11。
     1>项目“C:\Users\CV-PC465\Desktop\ThreadPoolProject\ThreadPoolProject\ThreadPoolProject\ThreadPoolProject.vcxproj”在节点 2 上(Build 个目标)。
     1>ClCompile:
         D:\SoftWare\Microsoft Visual Studio 12.0\VC\bin\CL.exe /c /Zi /nologo /W3 /WX- /sdl /O2 /Oi /Oy- /GL /D _MBCS /Gm- /EHsc /MD /GS /Gy /fp:precise /Zc:wchar_t /Zc:forScope /Fo"Release\\" /Fd"Release\vc120.pdb" /Gd /TP /analyze- /errorReport:prompt BusyThreadContainer.cpp IdleThreadContainer.cpp MyTask.cpp Task.cpp main.cpp MyThread.cpp MyThreadPool.cpp TaskContainer.cpp
         BusyThreadContainer.cpp
         IdleThreadContainer.cpp
         MyTask.cpp
         Task.cpp
         main.cpp
         MyThread.cpp
         MyThreadPool.cpp
         TaskContainer.cpp
       Link:
         D:\SoftWare\Microsoft Visual Studio 12.0\VC\bin\link.exe /ERRORREPORT:PROMPT /OUT:"C:\Users\CV-PC465\Desktop\ThreadPoolProject\ThreadPoolProject\Release\ThreadPoolProject.exe" /NOLOGO kernel32.lib user32.lib gdi32.lib winspool.lib comdlg32.lib advapi32.lib shell32.lib ole32.lib oleaut32.lib uuid.lib odbc32.lib odbccp32.lib /MANIFEST /MANIFESTUAC:"level='asInvoker' uiAccess='false'" /manifest:embed /DEBUG /PDB:"C:\Users\CV-PC465\Desktop\ThreadPoolProject\ThreadPoolProject\Release\ThreadPoolProject.pdb" /OPT:REF /OPT:ICF /LTCG /TLBID:1 /DYNAMICBASE /NXCOMPAT /IMPLIB:"C:\Users\CV-PC465\Desktop\ThreadPoolProject\ThreadPoolProject\Release\ThreadPoolProject.lib" /MACHINE:X86 /SAFESEH Release\BusyThreadContainer.obj
         Release\IdleThreadContainer.obj
         Release\MyTask.obj
         Release\Task.obj
         Release\main.obj
         Release\MyThread.obj
         Release\MyThreadPool.obj
         Release\TaskContainer.obj
         正在生成代码
         已完成代码的生成
         ThreadPoolProject.vcxproj -> C:\Users\CV-PC465\Desktop\ThreadPoolProject\ThreadPoolProject\Release\ThreadPoolProject.exe
     1>已完成生成项目“C:\Users\CV-PC465\Desktop\ThreadPoolProject\ThreadPoolProject\ThreadPoolProject\ThreadPoolProject.vcxproj”(Build 个目标)的操作。

生成成功。

已用时间 00:00:02.13
